<?xml version="1.0" encoding="UTF-8"?>
<testng-results ignored="0" total="2" passed="2" failed="0" skipped="0">
  <reporter-output>
  </reporter-output>
  <suite started-at="2025-10-30T17:54:39 IST" name="Suite" finished-at="2025-10-30T17:54:49 IST" duration-ms="10043">
    <groups>
      <group name="regression">
        <method signature="TC002_LoginTest.loginTest()[pri:0, instance:testCases.TC002_LoginTest@2c78d320]" name="loginTest" class="testCases.TC002_LoginTest"/>
      </group> <!-- regression -->
      <group name="sanity">
        <method signature="TC001_AccountRegistrationTest.registration()[pri:0, instance:testCases.TC001_AccountRegistrationTest@51fadaff]" name="registration" class="testCases.TC001_AccountRegistrationTest"/>
      </group> <!-- sanity -->
      <group name="master">
        <method signature="TC001_AccountRegistrationTest.registration()[pri:0, instance:testCases.TC001_AccountRegistrationTest@51fadaff]" name="registration" class="testCases.TC001_AccountRegistrationTest"/>
        <method signature="TC002_LoginTest.loginTest()[pri:0, instance:testCases.TC002_LoginTest@2c78d320]" name="loginTest" class="testCases.TC002_LoginTest"/>
      </group> <!-- master -->
    </groups>
    <test started-at="2025-10-30T17:54:39 IST" name="Test1" finished-at="2025-10-30T17:54:49 IST" duration-ms="10043">
      <class name="testCases.TC002_LoginTest">
        <test-method is-config="true" signature="setup(java.lang.String,java.lang.String)[pri:0, instance:testCases.TC002_LoginTest@2c78d320]" started-at="2025-10-30T17:54:45 IST" name="setup" finished-at="2025-10-30T17:54:47 IST" duration-ms="1963" status="PASS">
          <params>
            <param index="0">
              <value>
                <![CDATA[Windows]]>
              </value>
            </param>
            <param index="1">
              <value>
                <![CDATA[chrome]]>
              </value>
            </param>
          </params>
          <reporter-output>
          </reporter-output>
        </test-method> <!-- setup -->
        <test-method signature="loginTest()[pri:0, instance:testCases.TC002_LoginTest@2c78d320]" started-at="2025-10-30T17:54:47 IST" name="loginTest" finished-at="2025-10-30T17:54:49 IST" duration-ms="1628" status="PASS">
          <reporter-output>
          </reporter-output>
        </test-method> <!-- loginTest -->
        <test-method is-config="true" signature="teardown()[pri:0, instance:testCases.TC002_LoginTest@2c78d320]" started-at="2025-10-30T17:54:49 IST" name="teardown" finished-at="2025-10-30T17:54:49 IST" duration-ms="417" status="PASS">
          <reporter-output>
          </reporter-output>
        </test-method> <!-- teardown -->
      </class> <!-- testCases.TC002_LoginTest -->
      <class name="testCases.TC001_AccountRegistrationTest">
        <test-method is-config="true" signature="setup(java.lang.String,java.lang.String)[pri:0, instance:testCases.TC001_AccountRegistrationTest@51fadaff]" started-at="2025-10-30T17:54:40 IST" name="setup" finished-at="2025-10-30T17:54:42 IST" duration-ms="2884" status="PASS">
          <params>
            <param index="0">
              <value>
                <![CDATA[Windows]]>
              </value>
            </param>
            <param index="1">
              <value>
                <![CDATA[chrome]]>
              </value>
            </param>
          </params>
          <reporter-output>
          </reporter-output>
        </test-method> <!-- setup -->
        <test-method signature="registration()[pri:0, instance:testCases.TC001_AccountRegistrationTest@51fadaff]" started-at="2025-10-30T17:54:42 IST" name="registration" finished-at="2025-10-30T17:54:45 IST" duration-ms="2292" status="PASS">
          <reporter-output>
          </reporter-output>
        </test-method> <!-- registration -->
        <test-method is-config="true" signature="teardown()[pri:0, instance:testCases.TC001_AccountRegistrationTest@51fadaff]" started-at="2025-10-30T17:54:45 IST" name="teardown" finished-at="2025-10-30T17:54:45 IST" duration-ms="428" status="PASS">
          <reporter-output>
          </reporter-output>
        </test-method> <!-- teardown -->
      </class> <!-- testCases.TC001_AccountRegistrationTest -->
    </test> <!-- Test1 -->
  </suite> <!-- Suite -->
</testng-results>
