<?xml version="1.0" encoding="UTF-8"?>
<testng-results ignored="0" total="2" passed="2" failed="0" skipped="0">
  <reporter-output>
  </reporter-output>
  <suite started-at="2025-10-30T17:30:59 IST" name="Suite" finished-at="2025-10-30T17:31:12 IST" duration-ms="12837">
    <groups>
      <group name="regression">
        <method signature="TC002_LoginTest.loginTest()[pri:0, instance:testCases.TC002_LoginTest@22356acd]" name="loginTest" class="testCases.TC002_LoginTest"/>
      </group> <!-- regression -->
      <group name="sanity">
        <method signature="TC001_AccountRegistrationTest.registration()[pri:0, instance:testCases.TC001_AccountRegistrationTest@a87f8ec]" name="registration" class="testCases.TC001_AccountRegistrationTest"/>
      </group> <!-- sanity -->
      <group name="master">
        <method signature="TC001_AccountRegistrationTest.registration()[pri:0, instance:testCases.TC001_AccountRegistrationTest@a87f8ec]" name="registration" class="testCases.TC001_AccountRegistrationTest"/>
        <method signature="TC002_LoginTest.loginTest()[pri:0, instance:testCases.TC002_LoginTest@22356acd]" name="loginTest" class="testCases.TC002_LoginTest"/>
      </group> <!-- master -->
    </groups>
    <test started-at="2025-10-30T17:30:59 IST" name="Test1" finished-at="2025-10-30T17:31:12 IST" duration-ms="12837">
      <class name="testCases.TC002_LoginTest">
        <test-method is-config="true" signature="setup(java.lang.String,java.lang.String)[pri:0, instance:testCases.TC002_LoginTest@22356acd]" started-at="2025-10-30T17:31:07 IST" name="setup" finished-at="2025-10-30T17:31:09 IST" duration-ms="2300" status="PASS">
          <params>
            <param index="0">
              <value>
                <![CDATA[Windows]]>
              </value>
            </param>
            <param index="1">
              <value>
                <![CDATA[chrome]]>
              </value>
            </param>
          </params>
          <reporter-output>
          </reporter-output>
        </test-method> <!-- setup -->
        <test-method signature="loginTest()[pri:0, instance:testCases.TC002_LoginTest@22356acd]" started-at="2025-10-30T17:31:09 IST" name="loginTest" finished-at="2025-10-30T17:31:12 IST" duration-ms="2564" status="PASS">
          <reporter-output>
          </reporter-output>
        </test-method> <!-- loginTest -->
        <test-method is-config="true" signature="teardown()[pri:0, instance:testCases.TC002_LoginTest@22356acd]" started-at="2025-10-30T17:31:12 IST" name="teardown" finished-at="2025-10-30T17:31:12 IST" duration-ms="521" status="PASS">
          <reporter-output>
          </reporter-output>
        </test-method> <!-- teardown -->
      </class> <!-- testCases.TC002_LoginTest -->
      <class name="testCases.TC001_AccountRegistrationTest">
        <test-method is-config="true" signature="setup(java.lang.String,java.lang.String)[pri:0, instance:testCases.TC001_AccountRegistrationTest@a87f8ec]" started-at="2025-10-30T17:31:00 IST" name="setup" finished-at="2025-10-30T17:31:03 IST" duration-ms="3480" status="PASS">
          <params>
            <param index="0">
              <value>
                <![CDATA[Windows]]>
              </value>
            </param>
            <param index="1">
              <value>
                <![CDATA[chrome]]>
              </value>
            </param>
          </params>
          <reporter-output>
          </reporter-output>
        </test-method> <!-- setup -->
        <test-method signature="registration()[pri:0, instance:testCases.TC001_AccountRegistrationTest@a87f8ec]" started-at="2025-10-30T17:31:03 IST" name="registration" finished-at="2025-10-30T17:31:06 IST" duration-ms="2736" status="PASS">
          <reporter-output>
          </reporter-output>
        </test-method> <!-- registration -->
        <test-method is-config="true" signature="teardown()[pri:0, instance:testCases.TC001_AccountRegistrationTest@a87f8ec]" started-at="2025-10-30T17:31:06 IST" name="teardown" finished-at="2025-10-30T17:31:07 IST" duration-ms="640" status="PASS">
          <reporter-output>
          </reporter-output>
        </test-method> <!-- teardown -->
      </class> <!-- testCases.TC001_AccountRegistrationTest -->
    </test> <!-- Test1 -->
  </suite> <!-- Suite -->
</testng-results>
